[index.html]
[backblue.gif]
[fade.gif]
[index.html]
[cms/o/s6c0c3830851e0a11/img/favicona485.png]
[ckies.js.342ad3c77343efa51804.js]
[cookieControl.js.4e56759d0f34152b0100.js]
[cms/o/s6c0c3830851e0a11/layout/dm_c7ed0477b406b889415a0271baa856bf/css/layout57ff.css]
[web.css.6171c4a35b361b9030cb24d6de8164b8.css]
[web.js.7a3ee09f066b9f3ef35e.js]
[at.js.7e13fbb937ad644d4b5b.js]
[graphic-designs-1/index.html]
[photography/index.html]
[videography/index.html]
[about-me/index.html]
[j/privacy.html]
[about/index.html]
[index.html]
[cms/o/s6c0c3830851e0a11/layout/dm_c7ed0477b406b889415a0271baa856bf/css/layout57ff.css]
[38394ca16133f78363850eb0ebc16c36.eot]
[38394ca16133f78363850eb0ebc16c36d41d.eot]
[a984717a9f4ef00fa217fc58c3ff86a6.woff]
[92d755b23dfbe5bd5ac566c8df9e7827.ttf]
[f7b79a3d76e79248879a74cd4fadbb14.svg]
[sitemap/index.html]
[e1ca6e007c91d4ef9ee063940b504870.png]
[d32401d55ec237cee50e487c6eefa908.gif]
[9e4dc55ad6bdd8b8bafced6241dac621.png]
[b257fa9c5ac8c515ac4d77a667ce2943.svg]
[web.css.6171c4a35b361b9030cb24d6de8164b8.css]
[js/snapwidget.js]
[videography/animation/seminar/index.html]
[graphic-designs-1/protest/index.html]
[graphic-designs-1/uxd/happy-new-year/index.html]
[graphic-designs-1/magazine/index.html]
[graphic-designs-1/uxd/stndrd/egozine/index.html]
[graphic-designs-1/index.html]
[graphic-designs-1/experiment/index.html]
[photography/index.html]
[photography/architecture/index.html]
[photography/people-events/index.html]
[photography/nature/index.html]
[photography/real-estate/index.html]
[videography/animation/index.html]
[photography/night/index.html]
[videography/kftz/index.html]
[graphic-designs-1/umc-fc-utrecht/index.html]
[events/thiro-training/index.html]
[videography/index.html]
[videography/bartimeus/index.html]
[videography/ndsm/index.html]
[about-me/index.html]
[s/img/cms/siteadmin/newlogostuff/jimdologo2015.png]
[about/index.html]
[j/privacy.html]
[sitemap/index.html]
[f7b79a3d76e79248879a74cd4fadbb14.svg]
[b257fa9c5ac8c515ac4d77a667ce2943.svg]
[videography/animation/seminar/index.html]
[graphic-designs-1/protest/index.html]
[graphic-designs-1/uxd/happy-new-year/index.html]
[graphic-designs-1/magazine/index.html]
[graphic-designs-1/uxd/stndrd/egozine/index.html]
[graphic-designs-1/experiment/index.html]
[events/stage/index.html]
[photography/people-events/zonta-sings/index.html]
[photography/people-events/index.html]
[photography/nature/index.html]
[photography/architecture/index.html]
[photography/real-estate/index.html]
[photography/night/index.html]
[videography/animation/3d-animation/index.html]
[videography/animation/index.html]
[videography/kftz/index.html]
[videography/animation/appkapje/index.html]
[events/thiro-training/index.html]
[ckies.js.ea783746fbd2c8d3b782.js]
[cookieControl.js.ba69a38693adf21cb135.js]
[web.js.636f16a68c719d6e7565.js]
[at.js.a51f8c14e7757c1956f6.js]
[graphic-designs-1/umc-fc-utrecht/index.html]
[videography/bartimeus/index.html]
[videography/ndsm/index.html]
[app/cms/image/transf/dimension=1920x10000_format=jpg/path/s6c0c3830851e0a11/image/id801ec7e921052bb/version/1672766848/image.jpg]
[app/cms/image/transf/dimension=188x10000_format=png/path/s6c0c3830851e0a11/image/i9639c4b02b9fd744/version/1493287533/image.png]
[events/stage/index.html]
[photography/people-events/zonta-sings/index.html]
[videography/animation/3d-animation/index.html]
[videography/animation/appkapje/index.html]
[app/cms/image/transf/dimension=515x10000_format=jpg/path/s6c0c3830851e0a11/image/id801ec7e921052bb/version/1672766848/image.jpg]
[83219/script.js]
[ga.js]
[app/cms/image/transf/none/path/s6c0c3830851e0a11/backgroundarea/i82b3435911faba4f/version/1544650740/image.jpg]
[assets/img/est long header-01.png]
[avatar.9235705.140x140.jpg]
[app/cms/image/transf/dimension=343x10000_format=jpg/path/s6c0c3830851e0a11/image/icc34f2e99987c021/version/1592935073/image.jpg]
[app/cms/image/transf/dimension=284x10000_format=jpg/path/s6c0c3830851e0a11/image/icc6191ddb1536e50/version/1592934897/image.jpg]
[app/cms/image/transf/dimension=466x10000_format=png/path/s6c0c3830851e0a11/image/i0690235686d17bbf/version/1580309950/image.png]
[app/cms/image/transf/dimension=519x10000_format=png/path/s6c0c3830851e0a11/image/i3883a5e4bb03d31e/version/1544571145/image.png]
[app/cms/image/transf/dimension=272x10000_format=png/path/s6c0c3830851e0a11/image/i0bbd48543c6ba794/version/1544652107/image.png]
[app/cms/image/transf/dimension=1920x400_format=png/path/s6c0c3830851e0a11/image/i5a53f8f37df8ad3b/version/1495524521/image.png]
[app/cms/image/transf/dimension=1920x400_format=jpg/path/s6c0c3830851e0a11/image/i1c85f4461de7b69c/version/1495524521/image.jpg]
[app/cms/image/transf/dimension=459x10000_format=png/path/s6c0c3830851e0a11/image/i136dd24363c2b5b4/version/1495399891/image.png]
[app/cms/image/transf/dimension=519x10000_format=jpg/path/s6c0c3830851e0a11/image/i17f13b90b18cd6e0/version/1493740706/image.jpg]
[app/cms/image/transf/dimension=424x10000_format=jpg/path/s6c0c3830851e0a11/image/i3466f7d060e10459/version/1544562196/image.jpg]
[app/cms/image/transf/dimension=327x10000_format=png/path/s6c0c3830851e0a11/image/i3989ab6609b40a62/version/1495463498/image.png]
[app/cms/image/transf/dimension=519x10000_format=png/path/s6c0c3830851e0a11/image/iad6a062ed7daa8ec/version/1493625992/image.png]
[app/cms/image/transf/dimension=519x10000_format=jpg/path/s6c0c3830851e0a11/image/i5aa2801ef5d47230/version/1495393404/image.jpg]
[app/cms/image/transf/dimension=213x10000_format=jpg/path/s6c0c3830851e0a11/image/i615521a8a7190967/version/1592817700/image.jpg]
[app/cms/image/transf/dimension=275x10000_format=png/path/s6c0c3830851e0a11/image/icc81fc01a8a47433/version/1544569976/image.png]
[app/cms/image/transf/dimension=334x10000_format=jpg/path/s6c0c3830851e0a11/image/id0da1011450a37ad/version/1580310059/image.jpg]
[app/cms/image/transf/dimension=335x10000_format=jpg/path/s6c0c3830851e0a11/image/i5004d9f118bde8fb/version/1592326581/image.jpg]
[powr1047.js]
[app/cms/image/transf/dimension=519x10000_format=png/path/s6c0c3830851e0a11/image/i1b77086e91bd29fe/version/1493834974/image.png]
[app/cms/image/transf/dimension=288x10000_format=jpg/path/s6c0c3830851e0a11/image/i394a20703b9672cd/version/1519215243/image.jpg]
[app/cms/image/transf/dimension=217x10000_format=png/path/s6c0c3830851e0a11/image/i5c237863cffb82e3/version/1544651961/image.png]
[app/cms/image/transf/dimension=335x10000_format=png/path/s6c0c3830851e0a11/image/i1ae2c49873ca7570/version/1544652022/image.png]
[app/cms/image/transf/dimension=335x10000_format=png/path/s6c0c3830851e0a11/image/i0efa83c40f18656d/version/1544652015/image.png]
[embed.js]
[app/cms/image/transf/dimension=1920x10000_format=jpg/path/s6c0c3830851e0a11/image/i7f3b3ca4494c6f1f/version/1495533509/image.jpg]
[app/cms/image/transf/dimension=692x10000_format=jpg/path/s6c0c3830851e0a11/image/i7f3b3ca4494c6f1f/version/1495533509/image.jpg]
[app/cms/image/transf/dimension=4096x4096_format=jpg/path/s6c0c3830851e0a11/image/idd7b329dd40396dc/version/1494535884/image.jpg]
[app/cms/image/transf/dimension=1920x400_format=jpg/path/s6c0c3830851e0a11/image/idd7b329dd40396dc/version/1494535884/image.jpg]
[app/cms/image/transf/dimension=1920x400_format=jpg/path/s6c0c3830851e0a11/image/idb014f654d63510e/version/1494535885/image.jpg]
[app/cms/image/transf/dimension=1920x400_format=jpg/path/s6c0c3830851e0a11/image/i3b18c5ccdf7b6d01/version/1494535885/image.jpg]
[app/cms/image/transf/dimension=1920x400_format=jpg/path/s6c0c3830851e0a11/image/i9e87655d6eabbb31/version/1494535885/image.jpg]
[app/cms/image/transf/dimension=1920x400_format=jpg/path/s6c0c3830851e0a11/image/i98b54bfeefdf5538/version/1494535885/image.jpg]
[app/cms/image/transf/dimension=1920x400_format=jpg/path/s6c0c3830851e0a11/image/i0e748986269749ec/version/1494535885/image.jpg]
[app/cms/image/transf/dimension=1920x400_format=jpg/path/s6c0c3830851e0a11/image/ia035a0de7a7b2c2c/version/1494535885/image.jpg]
[app/cms/image/transf/dimension=702x10000_format=jpg/path/s6c0c3830851e0a11/image/i48460bc2f5b9afb9/version/1495011094/image.jpg]
[app/cms/image/transf/dimension=458x10000_format=jpg/path/s6c0c3830851e0a11/image/ibfe990281b6e39aa/version/1495541536/image.jpg]
[app/cms/image/transf/dimension=309x10000_format=jpg/path/s6c0c3830851e0a11/image/i5fdca430038b7608/version/1495541346/image.jpg]
[app/cms/image/transf/dimension=309x10000_format=jpg/path/s6c0c3830851e0a11/image/ib341ee74a034ec56/version/1495541345/image.jpg]
[app/cms/image/transf/dimension=1920x10000_format=jpg/path/s6c0c3830851e0a11/image/ifd124edb8ccc26cf/version/1495548813/image.jpg]
[app/cms/image/transf/dimension=468x10000_format=jpg/path/s6c0c3830851e0a11/image/ifd124edb8ccc26cf/version/1495548813/image.jpg]
[app/cms/image/transf/dimension=305x10000_format=png/path/s6c0c3830851e0a11/image/i5669baa72dbe34d5/version/1544642297/image.png]
[app/cms/image/transf/dimension=275x10000_format=jpg/path/s6c0c3830851e0a11/image/ibad95590a3ea549d/version/1544642293/image.jpg]
[app/cms/image/transf/dimension=335x10000_format=jpg/path/s6c0c3830851e0a11/image/ic511593c82124190/version/1544563763/image.jpg]
[app/cms/image/transf/dimension=1920x400_format=jpg/path/s6c0c3830851e0a11/image/i651316eb7cbe323b/version/1495549935/image.jpg]
[app/cms/image/transf/dimension=1920x400_format=jpg/path/s6c0c3830851e0a11/image/ib445fd0a286a7c2f/version/1495549935/image.jpg]
[app/cms/image/transf/dimension=1920x400_format=jpg/path/s6c0c3830851e0a11/image/id1f7c606ccded69b/version/1495549935/image.jpg]
[app/cms/image/transf/dimension=1920x400_format=jpg/path/s6c0c3830851e0a11/image/i7e95e0780be29643/version/1495549935/image.jpg]
[app/cms/image/transf/dimension=1920x400_format=jpg/path/s6c0c3830851e0a11/image/i48ca5a405968c466/version/1495549935/image.jpg]
[app/cms/image/transf/dimension=1920x400_format=jpg/path/s6c0c3830851e0a11/image/i27fea1dad2ae26c6/version/1495549995/image.jpg]
[app/cms/image/transf/dimension=1920x400_format=jpg/path/s6c0c3830851e0a11/image/i34cec732e9a855db/version/1495550007/image.jpg]
[app/cms/image/transf/dimension=1920x400_format=jpg/path/s6c0c3830851e0a11/image/i3c13b7bad689fbe6/version/1495550007/image.jpg]
[app/cms/image/transf/dimension=1920x400_format=jpg/path/s6c0c3830851e0a11/image/i68a256d7aee99a15/version/1495550007/image.jpg]
[app/cms/image/transf/dimension=1920x400_format=jpg/path/s6c0c3830851e0a11/image/i47131100286b0b36/version/1495549935/image.jpg]
[app/cms/image/transf/dimension=1920x400_format=jpg/path/s6c0c3830851e0a11/image/i2b03d2e1fc83553f/version/1495550000/image.jpg]
[app/cms/image/transf/none/path/s6c0c3830851e0a11/image/iadc29d94e9e78077/version/1494398283/image.jpg]
[app/cms/image/transf/dimension=1070x10000_format=jpg/path/s6c0c3830851e0a11/image/iadc29d94e9e78077/version/1494398283/image.jpg]
[app/cms/image/transf/dimension=1920x400_format=jpg/path/s6c0c3830851e0a11/image/i3b34896835b208a0/version/1495547971/image.jpg]
[app/cms/image/transf/dimension=1920x400_format=jpg/path/s6c0c3830851e0a11/image/ida06078f9e973028/version/1495547971/image.jpg]
[app/cms/image/transf/dimension=1920x400_format=jpg/path/s6c0c3830851e0a11/image/i96a207be69c1db8f/version/1495547971/image.jpg]
[app/cms/image/transf/dimension=1920x400_format=jpg/path/s6c0c3830851e0a11/image/i768086973a1390e5/version/1495547971/image.jpg]
[app/cms/image/transf/dimension=1920x400_format=jpg/path/s6c0c3830851e0a11/image/ic4e17e6cdd2fcd61/version/1495547971/image.jpg]
[app/cms/image/transf/dimension=1920x400_format=jpg/path/s6c0c3830851e0a11/image/i4bd251c40fc585fc/version/1495547971/image.jpg]
[app/cms/image/transf/dimension=1920x400_format=jpg/path/s6c0c3830851e0a11/image/idf90d5fa3c138064/version/1495547971/image.jpg]
[app/cms/image/transf/dimension=1920x400_format=jpg/path/s6c0c3830851e0a11/image/if11ca9c86f11ffa8/version/1495547971/image.jpg]
[app/cms/image/transf/dimension=1920x400_format=jpg/path/s6c0c3830851e0a11/image/ib6ed449c0caec63a/version/1495547971/image.jpg]
[app/cms/image/transf/dimension=1920x400_format=jpg/path/s6c0c3830851e0a11/image/i0f8e3e8275fc11bc/version/1495547971/image.jpg]
[app/cms/image/transf/dimension=1920x400_format=jpg/path/s6c0c3830851e0a11/image/i173fde0df5febe17/version/1495547971/image.jpg]
[app/cms/image/transf/dimension=1920x400_format=jpg/path/s6c0c3830851e0a11/image/i7eda54f4ccadb9d7/version/1495547971/image.jpg]
[app/cms/image/transf/dimension=1920x400_format=jpg/path/s6c0c3830851e0a11/image/i2456a20a14f228c8/version/1495547971/image.jpg]
[app/cms/image/transf/dimension=1920x400_format=jpg/path/s6c0c3830851e0a11/image/id9d0ab1aa06c587f/version/1495547971/image.jpg]
[app/cms/image/transf/dimension=1920x400_format=jpg/path/s6c0c3830851e0a11/image/i7721341a06941459/version/1495547971/image.jpg]
[app/cms/image/transf/dimension=1920x400_format=jpg/path/s6c0c3830851e0a11/image/ibb88c6a3198b222d/version/1495547971/image.jpg]
[app/cms/image/transf/dimension=1920x400_format=jpg/path/s6c0c3830851e0a11/image/i9401c219e2f99f48/version/1495547971/image.jpg]
[app/cms/image/transf/dimension=1920x400_format=jpg/path/s6c0c3830851e0a11/image/icfd911c6a3717afb/version/1495547971/image.jpg]
[app/cms/image/transf/dimension=1920x400_format=jpg/path/s6c0c3830851e0a11/image/i05a846600b7d0596/version/1495547971/image.jpg]
[app/cms/image/transf/dimension=1920x400_format=jpg/path/s6c0c3830851e0a11/image/i554395745dea5a76/version/1495547971/image.jpg]
[app/cms/image/transf/dimension=1920x400_format=jpg/path/s6c0c3830851e0a11/image/if8fcd1b329153ba8/version/1495547971/image.jpg]
[app/cms/image/transf/dimension=1920x400_format=jpg/path/s6c0c3830851e0a11/image/i62eb077c04cde880/version/1495547971/image.jpg]
[app/cms/image/transf/dimension=1920x400_format=jpg/path/s6c0c3830851e0a11/image/i619d6d0fc3532b7c/version/1495547971/image.jpg]
[app/cms/image/transf/dimension=1920x400_format=jpg/path/s6c0c3830851e0a11/image/i5215c554ed7cc87f/version/1495547971/image.jpg]
[app/cms/image/transf/dimension=1920x400_format=jpg/path/s6c0c3830851e0a11/image/i7681b2595fbffd0c/version/1495547971/image.jpg]
[app/cms/image/transf/dimension=1920x400_format=jpg/path/s6c0c3830851e0a11/image/i595c57d99eabf3a2/version/1495547971/image.jpg]
[app/cms/image/transf/dimension=1920x400_format=jpg/path/s6c0c3830851e0a11/image/if946ea2048f6fa2c/version/1495547971/image.jpg]
[app/cms/image/transf/dimension=1920x400_format=jpg/path/s6c0c3830851e0a11/image/i2ae7955cd471e6c7/version/1495547971/image.jpg]
[app/cms/image/transf/dimension=1920x400_format=jpg/path/s6c0c3830851e0a11/image/i42526bdbcaf0928b/version/1495547971/image.jpg]
[app/cms/image/transf/dimension=1920x400_format=jpg/path/s6c0c3830851e0a11/image/if949f6304812f4a8/version/1495547971/image.jpg]
[app/cms/image/transf/dimension=1920x400_format=jpg/path/s6c0c3830851e0a11/image/i6e031072167264a0/version/1495547971/image.jpg]
[app/cms/image/transf/dimension=1920x400_format=jpg/path/s6c0c3830851e0a11/image/i3f802924151f64fa/version/1495547971/image.jpg]
[app/cms/image/transf/dimension=1920x400_format=jpg/path/s6c0c3830851e0a11/image/i8b2250fcab6f0bf1/version/1495547971/image.jpg]
[app/cms/image/transf/dimension=1920x400_format=jpg/path/s6c0c3830851e0a11/image/i18361fda6d1c8ec6/version/1495547971/image.jpg]
[app/cms/image/transf/dimension=1920x400_format=jpg/path/s6c0c3830851e0a11/image/ib66f496ed9de59ce/version/1495547971/image.jpg]
[app/cms/image/transf/dimension=1920x400_format=jpg/path/s6c0c3830851e0a11/image/i09c19e175531ca7b/version/1495547971/image.jpg]
[app/cms/image/transf/dimension=1920x400_format=jpg/path/s6c0c3830851e0a11/image/iba66039d0755407b/version/1495547971/image.jpg]
[app/cms/image/transf/dimension=1920x400_format=jpg/path/s6c0c3830851e0a11/image/i10d447f44f9c7f24/version/1495547971/image.jpg]
[app/cms/image/transf/dimension=1920x400_format=jpg/path/s6c0c3830851e0a11/image/ia1a35451e4a1c187/version/1495547971/image.jpg]
[app/cms/image/transf/dimension=1920x400_format=jpg/path/s6c0c3830851e0a11/image/i1347e7243adf3525/version/1495547971/image.jpg]
[app/cms/image/transf/dimension=1920x400_format=jpg/path/s6c0c3830851e0a11/image/i4a52429a6b0198c3/version/1495547971/image.jpg]
[app/cms/image/transf/dimension=1920x400_format=jpg/path/s6c0c3830851e0a11/image/i35a167a850e862a4/version/1495548121/image.jpg]
[app/cms/image/transf/dimension=1920x400_format=jpg/path/s6c0c3830851e0a11/image/i3c1d8876ce31dabb/version/1495548121/image.jpg]
[app/cms/image/transf/dimension=1920x400_format=jpg/path/s6c0c3830851e0a11/image/i14547249313538b3/version/1495548121/image.jpg]
[app/cms/image/transf/dimension=1920x400_format=jpg/path/s6c0c3830851e0a11/image/ibbefb074b94ca93b/version/1495548121/image.jpg]
[app/cms/image/transf/dimension=1920x400_format=jpg/path/s6c0c3830851e0a11/image/i8ad98b6d400ecb1a/version/1495548225/image.jpg]
[app/cms/image/transf/dimension=1920x400_format=jpg/path/s6c0c3830851e0a11/image/i9f8f03b9b362d9a1/version/1495548225/image.jpg]
[app/cms/image/transf/dimension=1920x400_format=jpg/path/s6c0c3830851e0a11/image/ic0cf2920f81a5e7f/version/1495548225/image.jpg]
[app/cms/image/transf/dimension=1920x400_format=jpg/path/s6c0c3830851e0a11/image/i4e1de44aff55e658/version/1495548225/image.jpg]
[app/cms/image/transf/dimension=528x10000_format=jpg/path/s6c0c3830851e0a11/image/i617595a04450323b/version/1495550208/image.jpg]
[app/cms/image/transf/none/path/s6c0c3830851e0a11/image/id1405367bcdeae87/version/1494272647/image.jpg]
[app/cms/image/transf/dimension=1070x10000_format=jpg/path/s6c0c3830851e0a11/image/id1405367bcdeae87/version/1494272647/image.jpg]
[app/cms/image/transf/dimension=1920x400_format=jpg/path/s6c0c3830851e0a11/image/i79c6a0c243266549/version/1496174079/image.jpg]
[app/cms/image/transf/dimension=1920x400_format=jpg/path/s6c0c3830851e0a11/image/i5079cb25880f7fd7/version/1496174079/image.jpg]
[app/cms/image/transf/dimension=1920x400_format=jpg/path/s6c0c3830851e0a11/image/ic23a7cbdc818e7f3/version/1496174079/image.jpg]
[app/cms/image/transf/dimension=1920x400_format=jpg/path/s6c0c3830851e0a11/image/ic7b6aa243551ebea/version/1494971805/image.jpg]
[app/cms/image/transf/dimension=1920x400_format=jpg/path/s6c0c3830851e0a11/image/i3a1dfac1b5612d0a/version/1494971805/image.jpg]
[app/cms/image/transf/dimension=1920x400_format=jpg/path/s6c0c3830851e0a11/image/idf52ead162f08245/version/1494971805/image.jpg]
[app/cms/image/transf/dimension=1920x400_format=jpg/path/s6c0c3830851e0a11/image/ifebf4cdaca284805/version/1494971805/image.jpg]
[app/cms/image/transf/dimension=1920x400_format=jpg/path/s6c0c3830851e0a11/image/ib758074753fe4481/version/1494971805/image.jpg]
[app/cms/image/transf/dimension=1920x400_format=jpg/path/s6c0c3830851e0a11/image/i244a9d071b097ef8/version/1494971805/image.jpg]
[app/cms/image/transf/dimension=1920x400_format=jpg/path/s6c0c3830851e0a11/image/i1cf315009d0a6270/version/1494971805/image.jpg]
[app/cms/image/transf/dimension=1920x400_format=jpg/path/s6c0c3830851e0a11/image/ifb9423d421b2092d/version/1494971805/image.jpg]
[app/cms/image/transf/dimension=1920x400_format=jpg/path/s6c0c3830851e0a11/image/i8f2ddb8272d1258f/version/1494971789/image.jpg]
[app/cms/image/transf/dimension=1920x400_format=jpg/path/s6c0c3830851e0a11/image/iff2d1bf4a8f82e25/version/1494971789/image.jpg]
[app/cms/image/transf/dimension=1920x400_format=jpg/path/s6c0c3830851e0a11/image/i3ed135a3df9cd55a/version/1494971789/image.jpg]
[app/cms/image/transf/dimension=1920x400_format=jpg/path/s6c0c3830851e0a11/image/ic0f291db26012bb1/version/1494971789/image.jpg]
[app/cms/image/transf/dimension=1920x400_format=jpg/path/s6c0c3830851e0a11/image/ia43770b7db009bf9/version/1494971789/image.jpg]
[app/cms/image/transf/dimension=1920x400_format=jpg/path/s6c0c3830851e0a11/image/i122ee2123deffb9c/version/1494971789/image.jpg]
[app/cms/image/transf/dimension=1920x400_format=jpg/path/s6c0c3830851e0a11/image/i8e8f8ab1a6e2185e/version/1494971789/image.jpg]
[app/cms/image/transf/dimension=1920x400_format=jpg/path/s6c0c3830851e0a11/image/i264187e5eb11ca49/version/1494971789/image.jpg]
[app/cms/image/transf/dimension=1920x400_format=jpg/path/s6c0c3830851e0a11/image/ic608d50dd264f34a/version/1494971789/image.jpg]
[app/cms/image/transf/dimension=1920x400_format=jpg/path/s6c0c3830851e0a11/image/i8f18b0a98c008666/version/1494971789/image.jpg]
[app/cms/image/transf/dimension=1920x400_format=jpg/path/s6c0c3830851e0a11/image/i4ac2552f5156491c/version/1494971789/image.jpg]
[app/cms/image/transf/dimension=1920x400_format=jpg/path/s6c0c3830851e0a11/image/ia85963e98991f090/version/1494971789/image.jpg]
[app/cms/image/transf/dimension=1920x400_format=jpg/path/s6c0c3830851e0a11/image/i49b66adf23cd514e/version/1494971789/image.jpg]
[app/cms/image/transf/dimension=1920x400_format=jpg/path/s6c0c3830851e0a11/image/i07f08111208662c9/version/1494971789/image.jpg]
[app/cms/image/transf/dimension=1920x400_format=jpg/path/s6c0c3830851e0a11/image/ibfc7b08259d1137e/version/1494971789/image.jpg]
[app/cms/image/transf/dimension=1920x400_format=jpg/path/s6c0c3830851e0a11/image/ic309e290abce5593/version/1494971789/image.jpg]
[app/cms/image/transf/dimension=1920x400_format=jpg/path/s6c0c3830851e0a11/image/i2d3101290fb1c334/version/1494971789/image.jpg]
[app/cms/image/transf/none/path/s6c0c3830851e0a11/image/ie7d6a619d125f461/version/1592326159/image.png]
[app/cms/image/transf/dimension=704x10000_format=png/path/s6c0c3830851e0a11/image/ie7d6a619d125f461/version/1592326159/image.png]
[app/cms/image/transf/dimension=697x10000_format=png/path/s6c0c3830851e0a11/image/i9ffe8039804f5668/version/1592326510/image.png]
[app/cms/image/transf/none/path/s6c0c3830851e0a11/image/icb6212860c184ee6/version/1494273040/image.jpg]
[app/cms/image/transf/dimension=1070x10000_format=jpg/path/s6c0c3830851e0a11/image/icb6212860c184ee6/version/1494273040/image.jpg]
[app/cms/image/transf/dimension=1920x400_format=jpg/path/s6c0c3830851e0a11/image/iaa08e1b1538f4d24/version/1494274313/image.jpg]
[app/cms/image/transf/dimension=1920x400_format=jpg/path/s6c0c3830851e0a11/image/ib6345c486c21f85e/version/1494277634/image.jpg]
[app/cms/image/transf/dimension=1920x400_format=jpg/path/s6c0c3830851e0a11/image/i896b25835fb5d873/version/1494277722/image.jpg]
[app/cms/image/transf/dimension=1920x400_format=jpg/path/s6c0c3830851e0a11/image/i07d3cf95736c4872/version/1494277634/image.jpg]
[app/cms/image/transf/dimension=1920x400_format=jpg/path/s6c0c3830851e0a11/image/i83370cba5f4837ea/version/1494277634/image.jpg]
[app/cms/image/transf/dimension=1920x400_format=jpg/path/s6c0c3830851e0a11/image/id3dfd46c2244d18b/version/1494277634/image.jpg]
[app/cms/image/transf/dimension=1920x400_format=jpg/path/s6c0c3830851e0a11/image/ib116798366635afa/version/1494277634/image.jpg]
[app/cms/image/transf/dimension=1920x400_format=jpg/path/s6c0c3830851e0a11/image/i4a741976160c3ea1/version/1494277634/image.jpg]
[app/cms/image/transf/dimension=1920x400_format=jpg/path/s6c0c3830851e0a11/image/i077e7db3051c647f/version/1494276395/image.jpg]
[app/cms/image/transf/dimension=1920x400_format=jpg/path/s6c0c3830851e0a11/image/i55c1b4e6dd9af8c9/version/1494276110/image.jpg]
[app/cms/image/transf/dimension=1920x400_format=jpg/path/s6c0c3830851e0a11/image/i884708d15c066aa0/version/1494275893/image.jpg]
[app/cms/image/transf/dimension=1920x400_format=jpg/path/s6c0c3830851e0a11/image/i1c4c978d1974da26/version/1494275697/image.jpg]
[app/cms/image/transf/dimension=240x240_mode=crop_format=jpg/path/s6c0c3830851e0a11/image/i031daec55ddb6030/version/1494360156/image.jpg]
[app/cms/image/transf/dimension=240x240_mode=crop_format=jpg/path/s6c0c3830851e0a11/image/i318b0bb7648fd542/version/1494360156/image.jpg]
[app/cms/image/transf/dimension=240x240_mode=crop_format=jpg/path/s6c0c3830851e0a11/image/i9aca14fde4b7460f/version/1494359885/image.jpg]
[app/cms/image/transf/dimension=240x240_mode=crop_format=jpg/path/s6c0c3830851e0a11/image/ibab17bc5365e5b1d/version/1494360156/image.jpg]
[app/cms/image/transf/dimension=1920x400_format=jpg/path/s6c0c3830851e0a11/image/ic95a09892191b94b/version/1494359448/image.jpg]
[app/cms/image/transf/dimension=1920x400_format=jpg/path/s6c0c3830851e0a11/image/i343953724a934b41/version/1494359448/image.jpg]
[app/cms/image/transf/dimension=1920x400_format=jpg/path/s6c0c3830851e0a11/image/iad470d4bdcf9ca16/version/1494359559/image.jpg]
[app/cms/image/transf/dimension=1920x400_format=jpg/path/s6c0c3830851e0a11/image/i845025598ffa106a/version/1494359507/image.jpg]
[app/cms/image/transf/dimension=1920x400_format=jpg/path/s6c0c3830851e0a11/image/i5a800eaaf546302e/version/1494361643/image.jpg]
[app/cms/image/transf/dimension=1920x400_format=jpg/path/s6c0c3830851e0a11/image/i3b43d4998ac3b351/version/1494361647/image.jpg]
[app/cms/image/transf/dimension=1920x400_format=jpg/path/s6c0c3830851e0a11/image/i80959a8b7830f3e7/version/1494361643/image.jpg]
[app/cms/image/transf/dimension=1920x400_format=jpg/path/s6c0c3830851e0a11/image/i388b1d40cd3e204b/version/1494361643/image.jpg]
[app/cms/image/transf/dimension=1920x400_format=jpg/path/s6c0c3830851e0a11/image/i0a3e041f26178428/version/1494536107/image.jpg]
[app/cms/image/transf/dimension=1920x400_format=jpg/path/s6c0c3830851e0a11/image/i5d52bb0b9c78060e/version/1494536107/image.jpg]
[app/cms/image/transf/dimension=1920x400_format=jpg/path/s6c0c3830851e0a11/image/id02d699b6db2d31d/version/1494536107/image.jpg]
[app/cms/image/transf/dimension=519x10000_format=png/path/s6c0c3830851e0a11/image/i3f2d19c68df50765/version/1544373080/image.png]
[app/cms/image/transf/dimension=519x10000_format=png/path/s6c0c3830851e0a11/image/ifc3b3838dff4a6a4/version/1495393356/image.png]
[app/cms/image/transf/dimension=519x10000_format=jpg/path/s6c0c3830851e0a11/image/i32f29d144b0ad5fd/version/1493833397/image.jpg]
[app/cms/image/transf/dimension=1920x10000_format=jpg/path/s6c0c3830851e0a11/image/i63a79f3649045758/version/1544570547/image.jpg]
[app/cms/image/transf/dimension=738x10000_format=jpg/path/s6c0c3830851e0a11/image/i63a79f3649045758/version/1544570547/image.jpg]
[app/cms/image/transf/dimension=761x10000_format=png/path/s6c0c3830851e0a11/image/i8d3adca185c3acbb/version/1570398860/image.png]
[app/cms/image/transf/dimension=558x10000_format=gif/path/s6c0c3830851e0a11/image/icbd84a9e691d7f82/version/1544653531/image.gif]
[app/cms/image/transf/dimension=1920x1024_format=jpg/path/s6c0c3830851e0a11/image/ia0a39ef4de8f2b79/version/1544642984/image.jpg]
[app/cms/image/transf/dimension=535x1024_format=jpg/path/s6c0c3830851e0a11/image/ia0a39ef4de8f2b79/version/1544642984/image.jpg]
[app/cms/image/transf/dimension=212x10000_format=png/path/s6c0c3830851e0a11/image/i57cef340defdf755/version/1544646046/image.png]
[app/cms/image/transf/dimension=184x10000_format=png/path/s6c0c3830851e0a11/image/i078d9f632f047634/version/1544646051/image.png]
[app/cms/image/transf/dimension=335x10000_format=png/path/s6c0c3830851e0a11/image/ib97aafce9eeb7736/version/1544644603/image.png]
[app/cms/image/transf/dimension=335x10000_format=png/path/s6c0c3830851e0a11/image/i94880ba12ac8e90d/version/1544643915/image.png]
[app/cms/image/transf/dimension=1920x400_format=jpg/path/s6c0c3830851e0a11/image/i1228c8c1873d4c7a/version/1544642650/image.jpg]
[app/cms/image/transf/dimension=1920x400_format=jpg/path/s6c0c3830851e0a11/image/iac666b3e03e9a450/version/1544642650/image.jpg]
[app/cms/image/transf/dimension=1920x400_format=jpg/path/s6c0c3830851e0a11/image/ib9add348fdb31882/version/1544642652/image.jpg]
[app/cms/image/transf/dimension=1920x400_format=jpg/path/s6c0c3830851e0a11/image/ic010e2d80ae8a5ed/version/1544642652/image.jpg]
[app/cms/image/transf/dimension=1920x400_format=jpg/path/s6c0c3830851e0a11/image/i1cc27dcc37316c0f/version/1544642652/image.jpg]
[app/cms/image/transf/dimension=1920x400_format=jpg/path/s6c0c3830851e0a11/image/i7596f5b43ed93627/version/1544642660/image.jpg]
[app/cms/image/transf/dimension=1920x400_format=jpg/path/s6c0c3830851e0a11/image/i8b77b10b44606e98/version/1544642660/image.jpg]
[app/cms/image/transf/dimension=1920x400_format=jpg/path/s6c0c3830851e0a11/image/i547549256b138810/version/1544642660/image.jpg]
[app/cms/image/transf/dimension=1920x400_format=jpg/path/s6c0c3830851e0a11/image/ic9c424474aca42cd/version/1544646751/image.jpg]
[app/cms/image/transf/dimension=1920x400_format=jpg/path/s6c0c3830851e0a11/image/iec11f6452824c8b4/version/1544646751/image.jpg]
[app/cms/image/transf/dimension=1920x400_format=jpg/path/s6c0c3830851e0a11/image/i78fd9f3ac405aabe/version/1544646751/image.jpg]
[app/cms/image/transf/dimension=1920x400_format=jpg/path/s6c0c3830851e0a11/image/ib789c6faeb26a298/version/1544646751/image.jpg]
[app/cms/image/transf/dimension=1920x400_format=jpg/path/s6c0c3830851e0a11/image/i0c66aff9aa9a46d2/version/1544646751/image.jpg]
[app/cms/image/transf/dimension=1920x400_format=jpg/path/s6c0c3830851e0a11/image/i869ea0989e288e0c/version/1544646751/image.jpg]
[app/cms/image/transf/dimension=1920x400_format=jpg/path/s6c0c3830851e0a11/image/i2e180d508b845bd0/version/1544646751/image.jpg]
[app/cms/image/transf/dimension=4096x4096_format=jpg/path/s6c0c3830851e0a11/image/iff3f1a017255d4dc/version/1495542234/image.jpg]
[app/cms/image/transf/dimension=1920x400_format=jpg/path/s6c0c3830851e0a11/image/iff3f1a017255d4dc/version/1495542234/image.jpg]
[app/cms/image/transf/dimension=1920x400_format=jpg/path/s6c0c3830851e0a11/image/id5f699d97154a670/version/1495542234/image.jpg]
[app/cms/image/transf/dimension=1920x400_format=jpg/path/s6c0c3830851e0a11/image/ia98316e1a0cb9c23/version/1495542234/image.jpg]
[app/cms/image/transf/dimension=1920x400_format=jpg/path/s6c0c3830851e0a11/image/i39a3a2e98d29972b/version/1495542234/image.jpg]
[app/cms/image/transf/dimension=1920x400_format=jpg/path/s6c0c3830851e0a11/image/i3c90cf7b2700dec9/version/1495542234/image.jpg]
[app/cms/image/transf/dimension=1920x400_format=jpg/path/s6c0c3830851e0a11/image/i62c1c730c9a85127/version/1495542234/image.jpg]
[app/cms/image/transf/dimension=1920x400_format=jpg/path/s6c0c3830851e0a11/image/i5d4822f06eba8223/version/1495542234/image.jpg]
[app/cms/image/transf/dimension=1920x400_format=jpg/path/s6c0c3830851e0a11/image/iae641c9ac8b4e5ed/version/1495542234/image.jpg]
